<?xml version="1.0" encoding="UTF-8"?>
<!-- Generated by org.testng.reporters.JUnitXMLReporter -->
<testsuite hostname="DESKTOP-687CMO0" name="test" tests="50" failures="0" timestamp="12 Aug 2019 12:29:10 GMT" time="0.809" errors="0">
  <testcase name="f" time="0.0" classname="com.autotest.api.test.testRun"/>
  <testcase name="f" time="0.0" classname="com.autotest.api.test.testRun"/>
  <testcase name="f" time="0.0" classname="com.autotest.api.test.testRun"/>
  <testcase name="f" time="0.0" classname="com.autotest.api.test.testRun"/>
  <testcase name="f" time="0.0" classname="com.autotest.api.test.testRun"/>
  <testcase name="f" time="0.0" classname="com.autotest.api.test.testRun"/>
  <testcase name="f" time="0.002" classname="com.autotest.api.test.testRun"/>
  <testcase name="f" time="0.0" classname="com.autotest.api.test.testRun"/>
  <testcase name="f" time="0.0" classname="com.autotest.api.test.testRun"/>
  <testcase name="f" time="0.0" classname="com.autotest.api.test.testRun"/>
  <testcase name="f" time="0.0" classname="com.autotest.api.test.testRun"/>
  <testcase name="f" time="0.0" classname="com.autotest.api.test.testRun"/>
  <testcase name="f" time="0.0" classname="com.autotest.api.test.testRun"/>
  <testcase name="f" time="0.0" classname="com.autotest.api.test.testRun"/>
  <testcase name="f" time="0.0" classname="com.autotest.api.test.testRun"/>
  <testcase name="f" time="0.001" classname="com.autotest.api.test.testRun"/>
  <testcase name="f" time="0.0" classname="com.autotest.api.test.testRun"/>
  <testcase name="f" time="0.0" classname="com.autotest.api.test.testRun"/>
  <testcase name="f" time="0.0" classname="com.autotest.api.test.testRun"/>
  <testcase name="f" time="0.0" classname="com.autotest.api.test.testRun"/>
  <testcase name="f" time="0.0" classname="com.autotest.api.test.testRun"/>
  <testcase name="f" time="0.0" classname="com.autotest.api.test.testRun"/>
  <testcase name="f" time="0.0" classname="com.autotest.api.test.testRun"/>
  <testcase name="f" time="0.0" classname="com.autotest.api.test.testRun"/>
  <testcase name="f" time="0.0" classname="com.autotest.api.test.testRun"/>
  <testcase name="f" time="0.0" classname="com.autotest.api.test.testRun"/>
  <testcase name="f" time="0.0" classname="com.autotest.api.test.testRun"/>
  <testcase name="f" time="0.0" classname="com.autotest.api.test.testRun"/>
  <testcase name="f" time="0.0" classname="com.autotest.api.test.testRun"/>
  <testcase name="f" time="0.0" classname="com.autotest.api.test.testRun"/>
  <testcase name="f" time="0.0" classname="com.autotest.api.test.testRun"/>
  <testcase name="f" time="0.0" classname="com.autotest.api.test.testRun"/>
  <testcase name="f" time="0.0" classname="com.autotest.api.test.testRun"/>
  <testcase name="f" time="0.0" classname="com.autotest.api.test.testRun"/>
  <testcase name="f" time="0.0" classname="com.autotest.api.test.testRun"/>
  <testcase name="f" time="0.0" classname="com.autotest.api.test.testRun"/>
  <testcase name="f" time="0.0" classname="com.autotest.api.test.testRun"/>
  <testcase name="f" time="0.0" classname="com.autotest.api.test.testRun"/>
  <testcase name="f" time="0.0" classname="com.autotest.api.test.testRun"/>
  <testcase name="f" time="0.0" classname="com.autotest.api.test.testRun"/>
  <testcase name="f" time="0.0" classname="com.autotest.api.test.testRun"/>
  <testcase name="f" time="0.0" classname="com.autotest.api.test.testRun"/>
  <testcase name="f" time="0.0" classname="com.autotest.api.test.testRun"/>
  <testcase name="f" time="0.001" classname="com.autotest.api.test.testRun"/>
  <testcase name="f" time="0.0" classname="com.autotest.api.test.testRun"/>
  <testcase name="f" time="0.0" classname="com.autotest.api.test.testRun"/>
  <testcase name="f" time="0.0" classname="com.autotest.api.test.testRun"/>
  <testcase name="f" time="0.001" classname="com.autotest.api.test.testRun"/>
  <testcase name="f" time="0.0" classname="com.autotest.api.test.testRun"/>
  <testcase name="f" time="0.0" classname="com.autotest.api.test.testRun"/>
</testsuite> <!-- test -->
